2021-03-08 12:55:15.066  INFO 2416474 --- [main] c.z.s.s.SpringbootAssignmentApplication  : Starting SpringbootAssignmentApplication using Java 11.0.10 on 4P34N63 with PID 2416474 (/home/padmp/Documents/springboot-assignment-jdbc1/target/classes started by padmp in /home/padmp/Documents/springboot-assignment-jdbc1)
2021-03-08 12:55:15.070  INFO 2416474 --- [main] c.z.s.s.SpringbootAssignmentApplication  : No active profile set, falling back to default profiles: default
2021-03-08 12:55:16.158  INFO 2416474 --- [main] .s.d.r.c.RepositoryConfigurationDelegate : Multiple Spring Data modules found, entering strict repository configuration mode!
2021-03-08 12:55:16.161  INFO 2416474 --- [main] .s.d.r.c.RepositoryConfigurationDelegate : Bootstrapping Spring Data JDBC repositories in DEFAULT mode.
2021-03-08 12:55:16.199  INFO 2416474 --- [main] .RepositoryConfigurationExtensionSupport : Spring Data JDBC - Could not safely identify store assignment for repository candidate interface com.zemoso.springboot.springbootassignment.dao.ClaimRepository. If you want this repository to be a JDBC repository, consider annotating your entities with one of these annotations: org.springframework.data.relational.core.mapping.Table.
2021-03-08 12:55:16.201  INFO 2416474 --- [main] .RepositoryConfigurationExtensionSupport : Spring Data JDBC - Could not safely identify store assignment for repository candidate interface com.zemoso.springboot.springbootassignment.dao.ProviderRepository. If you want this repository to be a JDBC repository, consider annotating your entities with one of these annotations: org.springframework.data.relational.core.mapping.Table.
2021-03-08 12:55:16.203  INFO 2416474 --- [main] .RepositoryConfigurationExtensionSupport : Spring Data JDBC - Could not safely identify store assignment for repository candidate interface com.zemoso.springboot.springbootassignment.dao.UserRepository. If you want this repository to be a JDBC repository, consider annotating your entities with one of these annotations: org.springframework.data.relational.core.mapping.Table.
2021-03-08 12:55:16.203  INFO 2416474 --- [main] .s.d.r.c.RepositoryConfigurationDelegate : Finished Spring Data repository scanning in 38 ms. Found 0 JDBC repository interfaces.
2021-03-08 12:55:16.212  INFO 2416474 --- [main] .s.d.r.c.RepositoryConfigurationDelegate : Multiple Spring Data modules found, entering strict repository configuration mode!
2021-03-08 12:55:16.213  INFO 2416474 --- [main] .s.d.r.c.RepositoryConfigurationDelegate : Bootstrapping Spring Data JPA repositories in DEFAULT mode.
2021-03-08 12:55:16.255  INFO 2416474 --- [main] .s.d.r.c.RepositoryConfigurationDelegate : Finished Spring Data repository scanning in 37 ms. Found 3 JPA repository interfaces.
2021-03-08 12:55:16.972  INFO 2416474 --- [main] o.s.b.w.embedded.tomcat.TomcatWebServer  : Tomcat initialized with port(s): 8080 (http)
2021-03-08 12:55:16.984  INFO 2416474 --- [main] o.apache.catalina.core.StandardService   : Starting service [Tomcat]
2021-03-08 12:55:16.985  INFO 2416474 --- [main] org.apache.catalina.core.StandardEngine  : Starting Servlet engine: [Apache Tomcat/9.0.43]
2021-03-08 12:55:17.353  INFO 2416474 --- [main] org.apache.jasper.servlet.TldScanner     : At least one JAR was scanned for TLDs yet contained no TLDs. Enable debug logging for this logger for a complete list of JARs that were scanned but no TLDs were found in them. Skipping unneeded JARs during scanning can improve startup time and JSP compilation time.
2021-03-08 12:55:17.363  INFO 2416474 --- [main] o.a.c.c.C.[Tomcat].[localhost].[/]       : Initializing Spring embedded WebApplicationContext
2021-03-08 12:55:17.364  INFO 2416474 --- [main] w.s.c.ServletWebServerApplicationContext : Root WebApplicationContext: initialization completed in 2230 ms
2021-03-08 12:55:17.706  INFO 2416474 --- [main] o.hibernate.jpa.internal.util.LogHelper  : HHH000204: Processing PersistenceUnitInfo [name: default]
2021-03-08 12:55:17.748  INFO 2416474 --- [main] org.hibernate.Version                    : HHH000412: Hibernate ORM core version 5.4.28.Final
2021-03-08 12:55:17.855  INFO 2416474 --- [main] o.hibernate.annotations.common.Version   : HCANN000001: Hibernate Commons Annotations {5.1.2.Final}
2021-03-08 12:55:17.968  INFO 2416474 --- [main] org.hibernate.dialect.Dialect            : HHH000400: Using dialect: org.hibernate.dialect.MySQL8Dialect
2021-03-08 12:55:18.641  INFO 2416474 --- [main] o.h.e.t.j.p.i.JtaPlatformInitiator       : HHH000490: Using JtaPlatform implementation: [org.hibernate.engine.transaction.jta.platform.internal.NoJtaPlatform]
2021-03-08 12:55:18.649  INFO 2416474 --- [main] j.LocalContainerEntityManagerFactoryBean : Initialized JPA EntityManagerFactory for persistence unit 'default'
2021-03-08 12:55:18.702  WARN 2416474 --- [main] JpaBaseConfiguration$JpaWebConfiguration : spring.jpa.open-in-view is enabled by default. Therefore, database queries may be performed during view rendering. Explicitly configure spring.jpa.open-in-view to disable this warning
2021-03-08 12:55:19.209  INFO 2416474 --- [main] o.s.s.web.DefaultSecurityFilterChain     : Will secure any request with [org.springframework.security.web.context.request.async.WebAsyncManagerIntegrationFilter@5274830e, org.springframework.security.web.context.SecurityContextPersistenceFilter@44c2e8a8, org.springframework.security.web.header.HeaderWriterFilter@5b1f0f26, org.springframework.security.web.authentication.logout.LogoutFilter@2c92f094, org.springframework.security.web.authentication.UsernamePasswordAuthenticationFilter@1642968c, org.springframework.security.web.savedrequest.RequestCacheAwareFilter@42e4431, org.springframework.security.web.servletapi.SecurityContextHolderAwareRequestFilter@55cb3b7, org.springframework.security.web.authentication.AnonymousAuthenticationFilter@6a0ee80, org.springframework.security.web.session.SessionManagementFilter@6cbb6c41, org.springframework.security.web.access.ExceptionTranslationFilter@1331d6fd, org.springframework.security.web.access.intercept.FilterSecurityInterceptor@50b624da]
2021-03-08 12:55:19.311  INFO 2416474 --- [main] o.s.s.concurrent.ThreadPoolTaskExecutor  : Initializing ExecutorService 'applicationTaskExecutor'
2021-03-08 12:55:19.647  INFO 2416474 --- [main] o.s.b.w.embedded.tomcat.TomcatWebServer  : Tomcat started on port(s): 8080 (http) with context path ''
2021-03-08 12:55:19.655  INFO 2416474 --- [main] c.z.s.s.SpringbootAssignmentApplication  : Started SpringbootAssignmentApplication in 5.148 seconds (JVM running for 5.564)
2021-03-08 12:55:19.657  INFO 2416474 --- [main] c.z.s.s.SpringbootAssignmentApplication  : Simple log statement with inputs 1, 2 and 3
2021-03-08 13:02:25.916  INFO 2416474 --- [SpringContextShutdownHook] o.s.s.concurrent.ThreadPoolTaskExecutor  : Shutting down ExecutorService 'applicationTaskExecutor'
2021-03-08 13:02:25.918  INFO 2416474 --- [SpringContextShutdownHook] j.LocalContainerEntityManagerFactoryBean : Closing JPA EntityManagerFactory for persistence unit 'default'
2021-03-08 13:02:48.520  INFO 2419479 --- [main] c.z.s.s.SpringbootAssignmentApplication  : Starting SpringbootAssignmentApplication using Java 11.0.10 on 4P34N63 with PID 2419479 (/home/padmp/Documents/springboot-assignment-jdbc1/target/classes started by padmp in /home/padmp/Documents/springboot-assignment-jdbc1)
2021-03-08 13:02:48.523  INFO 2419479 --- [main] c.z.s.s.SpringbootAssignmentApplication  : No active profile set, falling back to default profiles: default
2021-03-08 13:02:49.332  INFO 2419479 --- [main] .s.d.r.c.RepositoryConfigurationDelegate : Multiple Spring Data modules found, entering strict repository configuration mode!
2021-03-08 13:02:49.334  INFO 2419479 --- [main] .s.d.r.c.RepositoryConfigurationDelegate : Bootstrapping Spring Data JDBC repositories in DEFAULT mode.
2021-03-08 13:02:49.363  INFO 2419479 --- [main] .RepositoryConfigurationExtensionSupport : Spring Data JDBC - Could not safely identify store assignment for repository candidate interface com.zemoso.springboot.springbootassignment.dao.ClaimRepository. If you want this repository to be a JDBC repository, consider annotating your entities with one of these annotations: org.springframework.data.relational.core.mapping.Table.
2021-03-08 13:02:49.365  INFO 2419479 --- [main] .RepositoryConfigurationExtensionSupport : Spring Data JDBC - Could not safely identify store assignment for repository candidate interface com.zemoso.springboot.springbootassignment.dao.ProviderRepository. If you want this repository to be a JDBC repository, consider annotating your entities with one of these annotations: org.springframework.data.relational.core.mapping.Table.
2021-03-08 13:02:49.368  INFO 2419479 --- [main] .RepositoryConfigurationExtensionSupport : Spring Data JDBC - Could not safely identify store assignment for repository candidate interface com.zemoso.springboot.springbootassignment.dao.UserRepository. If you want this repository to be a JDBC repository, consider annotating your entities with one of these annotations: org.springframework.data.relational.core.mapping.Table.
2021-03-08 13:02:49.369  INFO 2419479 --- [main] .s.d.r.c.RepositoryConfigurationDelegate : Finished Spring Data repository scanning in 31 ms. Found 0 JDBC repository interfaces.
2021-03-08 13:02:49.380  INFO 2419479 --- [main] .s.d.r.c.RepositoryConfigurationDelegate : Multiple Spring Data modules found, entering strict repository configuration mode!
2021-03-08 13:02:49.382  INFO 2419479 --- [main] .s.d.r.c.RepositoryConfigurationDelegate : Bootstrapping Spring Data JPA repositories in DEFAULT mode.
2021-03-08 13:02:49.418  INFO 2419479 --- [main] .s.d.r.c.RepositoryConfigurationDelegate : Finished Spring Data repository scanning in 30 ms. Found 3 JPA repository interfaces.
2021-03-08 13:02:50.009  INFO 2419479 --- [main] o.s.b.w.embedded.tomcat.TomcatWebServer  : Tomcat initialized with port(s): 8080 (http)
2021-03-08 13:02:50.021  INFO 2419479 --- [main] o.apache.catalina.core.StandardService   : Starting service [Tomcat]
2021-03-08 13:02:50.021  INFO 2419479 --- [main] org.apache.catalina.core.StandardEngine  : Starting Servlet engine: [Apache Tomcat/9.0.43]
2021-03-08 13:02:50.363  INFO 2419479 --- [main] org.apache.jasper.servlet.TldScanner     : At least one JAR was scanned for TLDs yet contained no TLDs. Enable debug logging for this logger for a complete list of JARs that were scanned but no TLDs were found in them. Skipping unneeded JARs during scanning can improve startup time and JSP compilation time.
2021-03-08 13:02:50.375  INFO 2419479 --- [main] o.a.c.c.C.[Tomcat].[localhost].[/]       : Initializing Spring embedded WebApplicationContext
2021-03-08 13:02:50.375  INFO 2419479 --- [main] w.s.c.ServletWebServerApplicationContext : Root WebApplicationContext: initialization completed in 1801 ms
2021-03-08 13:02:50.752  INFO 2419479 --- [main] o.hibernate.jpa.internal.util.LogHelper  : HHH000204: Processing PersistenceUnitInfo [name: default]
2021-03-08 13:02:50.790  INFO 2419479 --- [main] org.hibernate.Version                    : HHH000412: Hibernate ORM core version 5.4.28.Final
2021-03-08 13:02:50.913  INFO 2419479 --- [main] o.hibernate.annotations.common.Version   : HCANN000001: Hibernate Commons Annotations {5.1.2.Final}
2021-03-08 13:02:51.037  INFO 2419479 --- [main] org.hibernate.dialect.Dialect            : HHH000400: Using dialect: org.hibernate.dialect.MySQL8Dialect
2021-03-08 13:02:51.674  INFO 2419479 --- [main] o.h.e.t.j.p.i.JtaPlatformInitiator       : HHH000490: Using JtaPlatform implementation: [org.hibernate.engine.transaction.jta.platform.internal.NoJtaPlatform]
2021-03-08 13:02:51.682  INFO 2419479 --- [main] j.LocalContainerEntityManagerFactoryBean : Initialized JPA EntityManagerFactory for persistence unit 'default'
2021-03-08 13:02:51.729  WARN 2419479 --- [main] JpaBaseConfiguration$JpaWebConfiguration : spring.jpa.open-in-view is enabled by default. Therefore, database queries may be performed during view rendering. Explicitly configure spring.jpa.open-in-view to disable this warning
2021-03-08 13:02:52.279  INFO 2419479 --- [main] o.s.s.web.DefaultSecurityFilterChain     : Will secure any request with [org.springframework.security.web.context.request.async.WebAsyncManagerIntegrationFilter@7d5d77a6, org.springframework.security.web.context.SecurityContextPersistenceFilter@5dd227b7, org.springframework.security.web.header.HeaderWriterFilter@5e198c40, org.springframework.security.web.authentication.logout.LogoutFilter@7ef7f414, org.springframework.security.web.authentication.UsernamePasswordAuthenticationFilter@25c16cf7, org.springframework.security.web.savedrequest.RequestCacheAwareFilter@14ba7f15, org.springframework.security.web.servletapi.SecurityContextHolderAwareRequestFilter@53917c92, org.springframework.security.web.authentication.AnonymousAuthenticationFilter@71b7e9c8, org.springframework.security.web.session.SessionManagementFilter@39420d59, org.springframework.security.web.access.ExceptionTranslationFilter@3340ff7c, org.springframework.security.web.access.intercept.FilterSecurityInterceptor@50b4e7b2]
2021-03-08 13:02:52.389  INFO 2419479 --- [main] o.s.s.concurrent.ThreadPoolTaskExecutor  : Initializing ExecutorService 'applicationTaskExecutor'
2021-03-08 13:02:52.719  INFO 2419479 --- [main] o.s.b.w.embedded.tomcat.TomcatWebServer  : Tomcat started on port(s): 8080 (http) with context path ''
2021-03-08 13:02:52.728  INFO 2419479 --- [main] c.z.s.s.SpringbootAssignmentApplication  : Started SpringbootAssignmentApplication in 4.685 seconds (JVM running for 5.164)
2021-03-08 13:02:52.731  INFO 2419479 --- [main] c.z.s.s.SpringbootAssignmentApplication  : Simple log statement with inputs 1, 2 and 3
2021-03-08 13:03:09.193  INFO 2419479 --- [SpringContextShutdownHook] o.s.s.concurrent.ThreadPoolTaskExecutor  : Shutting down ExecutorService 'applicationTaskExecutor'
2021-03-08 13:03:09.196  INFO 2419479 --- [SpringContextShutdownHook] j.LocalContainerEntityManagerFactoryBean : Closing JPA EntityManagerFactory for persistence unit 'default'
